<?xml version="1.0" encoding="UTF-8"?>
<testsuite name="com.whty.oauth.test.OauthTest" time="8.322" tests="7" errors="0" skipped="0" failures="0">
  <properties>
[...]
</properties>
  <testcase name="baseOauth" classname="com.whty.oauth.test.OauthTest" time="2.224"/>
  <testcase name="addCardInfo" classname="com.whty.oauth.test.OauthTest" time="1.016"/>
  <testcase name="getRegisterStatus" classname="com.whty.oauth.test.OauthTest" time="1.017"/>
  <testcase name="resetPWD" classname="com.whty.oauth.test.OauthTest" time="1.011"/>
  <testcase name="changePWD" classname="com.whty.oauth.test.OauthTest" time="1.013"/>
  <testcase name="triggerRegister" classname="com.whty.oauth.test.OauthTest" time="1.023"/>
  <testcase name="validCodeOauth" classname="com.whty.oauth.test.OauthTest" time="1.018"/>
</testsuite>